[0227/202106.253:ERROR:process_info.cc(329)] VirtualQueryEx: Acceso denegado. (0x5)
[0227/202106.268:ERROR:process_info.cc(556)] ReadMemoryInfo failed
[0227/202106.268:ERROR:process_memory_win.cc(39)] Failed to initialize ProcessInfo.
[0227/202106.268:ERROR:scoped_process_suspend.cc(40)] NtResumeProcess: Se intentó obtener acceso a un proceso que está cerrándose. (0xc000010a)
[0227/202106.300:ERROR:process_reader_win.cc(151)] SuspendThread: Acceso denegado. (0x5)
[0227/202106.300:ERROR:process_reader_win.cc(151)] SuspendThread: Acceso denegado. (0x5)
[0227/202106.315:ERROR:process_reader_win.cc(151)] SuspendThread: Acceso denegado. (0x5)
[0227/202106.315:ERROR:process_reader_win.cc(151)] SuspendThread: Acceso denegado. (0x5)
[0227/202106.315:ERROR:process_reader_win.cc(151)] SuspendThread: Acceso denegado. (0x5)
[0227/202106.315:ERROR:process_reader_win.cc(151)] SuspendThread: Acceso denegado. (0x5)
[0227/202106.315:ERROR:process_reader_win.cc(151)] SuspendThread: Acceso denegado. (0x5)
[0227/202106.315:ERROR:process_reader_win.cc(151)] SuspendThread: Acceso denegado. (0x5)
[0227/202106.315:ERROR:process_reader_win.cc(151)] SuspendThread: Acceso denegado. (0x5)
[0227/202106.315:ERROR:process_reader_win.cc(151)] SuspendThread: Acceso denegado. (0x5)
[0227/202106.315:ERROR:process_reader_win.cc(151)] SuspendThread: Acceso denegado. (0x5)
[0227/202106.315:ERROR:process_reader_win.cc(151)] SuspendThread: Acceso denegado. (0x5)
[0227/202106.315:ERROR:process_reader_win.cc(123)] NtOpenThread: {Acceso denegado} Un proceso ha solicitado acceso a un objeto, pero no se le han concedido esos derechos de acceso. (0xc0000022)
[0227/202106.315:ERROR:exception_snapshot_win.cc(98)] thread ID 11252 not found in process
[0227/202106.331:ERROR:process_reader_win.cc(151)] SuspendThread: Acceso denegado. (0x5)
[0227/202106.331:ERROR:process_reader_win.cc(151)] SuspendThread: Acceso denegado. (0x5)
[0227/202106.331:ERROR:process_reader_win.cc(151)] SuspendThread: Acceso denegado. (0x5)
[0227/202106.331:ERROR:process_reader_win.cc(151)] SuspendThread: Acceso denegado. (0x5)
[0227/202106.331:ERROR:process_reader_win.cc(151)] SuspendThread: Acceso denegado. (0x5)
[0227/202106.331:ERROR:process_reader_win.cc(151)] SuspendThread: Acceso denegado. (0x5)
[0227/202106.331:ERROR:process_reader_win.cc(151)] SuspendThread: Acceso denegado. (0x5)
[0227/202106.331:ERROR:process_reader_win.cc(151)] SuspendThread: Acceso denegado. (0x5)
[0227/202106.331:ERROR:process_reader_win.cc(151)] SuspendThread: Acceso denegado. (0x5)
[0227/202106.331:ERROR:process_reader_win.cc(151)] SuspendThread: Acceso denegado. (0x5)
[0227/202106.331:ERROR:process_reader_win.cc(151)] SuspendThread: Acceso denegado. (0x5)
[0227/202106.331:ERROR:process_reader_win.cc(151)] SuspendThread: Acceso denegado. (0x5)
[0227/202106.331:ERROR:process_reader_win.cc(151)] SuspendThread: Acceso denegado. (0x5)
[0227/202106.331:ERROR:process_reader_win.cc(151)] SuspendThread: Acceso denegado. (0x5)
[0227/202106.331:ERROR:process_reader_win.cc(123)] NtOpenThread: {Acceso denegado} Un proceso ha solicitado acceso a un objeto, pero no se le han concedido esos derechos de acceso. (0xc0000022)
[0227/202106.331:ERROR:exception_snapshot_win.cc(98)] thread ID 9040 not found in process
